<?xml version="1.0" encoding="UTF-8"?>
<!-- Generated by org.testng.reporters.JUnitReportReporter -->
<testsuite hostname="Nimmanapallis-MacBook-Air.local" failures="0" tests="1" name="producttest.TeamATest" time="0.023" errors="0" timestamp="2025-07-14T10:37:04 IST" skipped="0">
  <testcase classname="producttest.TeamATest" name="Kalyani" time="0.023">
    <system-out>
      <![CDATA[kalyani]]>
    </system-out>
  </testcase> <!-- Kalyani -->
  <system-out>
    <![CDATA[kalyani]]>
  </system-out>
</testsuite> <!-- producttest.TeamATest -->
