<?xml version="1.0" encoding="UTF-8"?>
<!-- Generated by org.testng.reporters.JUnitReportReporter -->
<testsuite hostname="Nimmanapallis-MacBook-Air.local" failures="0" tests="1" name="producttest.Example1Test" time="17.219" errors="0" timestamp="2025-07-29T09:28:29 IST" skipped="0">
  <testcase classname="producttest.Example1Test" name="orderProducts" time="17.219"/>
  <system-out>
    <![CDATA[browser opened successfully
Login successfully
Logout is done]]>
  </system-out>
</testsuite> <!-- producttest.Example1Test -->
