<?xml version="1.0" encoding="UTF-8"?>
<!-- Generated by org.testng.reporters.JUnitReportReporter -->
<testsuite hostname="Nimmanapallis-MacBook-Air.local" failures="0" tests="1" name="producttest.Example1Test" time="17.601" errors="0" timestamp="2025-07-31T12:44:13 IST" skipped="0">
  <testcase classname="producttest.Example1Test" name="orderProducts" time="17.601">
    <system-out>
      <![CDATA[ Page Is verified successfully
Verifed The  1st Product Added successfully
 Title Verified successfully
Verifed The 3rd Product Added successfully
 Title Verified successfully
Verifed second The Product Added successfully
 Title Verified successfully
CheckoutPage Is Verified successfully
Clicked Continue Button successfully
Clicked Finish Button successfully]]>
    </system-out>
  </testcase> <!-- orderProducts -->
  <system-out>
    <![CDATA[browser opened successfully
Login successfully
 Page Is verified successfully
Verifed The  1st Product Added successfully
 Title Verified successfully
Verifed The 3rd Product Added successfully
 Title Verified successfully
Verifed second The Product Added successfully
 Title Verified successfully
CheckoutPage Is Verified successfully
Clicked Continue Button successfully
Clicked Finish Button successfully
Logout is done]]>
  </system-out>
</testsuite> <!-- producttest.Example1Test -->
