<?xml version="1.0" encoding="UTF-8"?>
<!-- Generated by org.testng.reporters.JUnitReportReporter -->
<testsuite hostname="Nimmanapallis-MacBook-Air.local" failures="0" tests="1" name="producttest.Example1UsingPom" time="8.742" errors="0" timestamp="2025-07-23T11:19:37 IST" skipped="0">
  <testcase classname="producttest.Example1UsingPom" name="orderProducts" time="8.742">
    <system-out>
      <![CDATA[Products ordered successfully]]>
    </system-out>
  </testcase> <!-- orderProducts -->
  <system-out>
    <![CDATA[Browser setup is done
Login successfully
Products ordered successfully
Logout is done]]>
  </system-out>
</testsuite> <!-- producttest.Example1UsingPom -->
