<?xml version="1.0" encoding="UTF-8"?>
<!-- Generated by org.testng.reporters.JUnitReportReporter -->
<testsuite hostname="Mac" failures="0" tests="1" name="producttest.ExampleUsingPOM" time="9.439" errors="0" timestamp="2025-07-24T22:17:38 IST" skipped="0">
  <testcase classname="producttest.ExampleUsingPOM" name="orderProducts" time="9.439"/>
  <system-out>
    <![CDATA[Browser setup is done
Login successfully
Logout is done]]>
  </system-out>
</testsuite> <!-- producttest.ExampleUsingPOM -->
